[kingtools.lol/526a79b.html]
[backblue.gif]
[fade.gif]
[index.html]
[browser.sentry-cdn.com/6.4.1/bundle.min.js]
[www.google-analytics.com/analytics.js]
[d266key948fg17.cloudfront.net/uploads/1671380028620c22d2f92ac0d6a4df84c38f143be6.jpg]
[d266key948fg17.cloudfront.net/uploads/1671380114809353c575af4404987caede6d1f748d.png]
[d266key948fg17.cloudfront.net/uploads/1667228771182434be0c983446d0fe2d9cda0c500f.png]
[d266key948fg17.cloudfront.net/uploads/167041302350e0596af0ee72fa0eec05b7d73e3b48.png]
[d266key948fg17.cloudfront.net/uploads/16425962814773fd277b7b0a85fc2c09a41bd7b800.png]
[d266key948fg17.cloudfront.net/uploads/16425978810d7d51d8a3f18fb9ead9ee8fc2680a0a.png]
[d266key948fg17.cloudfront.net/uploads/16425976685eecca255525a57c0c52aac367ee4d96.png]
[d266key948fg17.cloudfront.net/uploads/1642596281297aa0b9d971870308f35efc5dd8f734.png]
[d266key948fg17.cloudfront.net/uploads/1670414705be866ab3d4b63578cc63929a89186227.png]
[d266key948fg17.cloudfront.net/uploads/1670420485ebd0a9fe4237a573e68f4a06f3d058d1.png]
[d266key948fg17.cloudfront.net/uploads/1670527980d601870f9293b4a78d462c229447469e.gif]
[ajax.googleapis.com/ajax/libs/jquery/2.2.4/jquery.min.js]
[d368ol0wkasvru.cloudfront.net/8ec8b7c.js]
[kingtools.lol/526a79b.html]
[kingtools.lol/customTemplateGlobal.html]
